[LOG] System::create                           : Header version = 2.02.20. Current version = 2.02.20.
[LOG] Manager::init                            : maxchannels = 256 studioflags = 00000006 flags 00000000 extradriverdata 0000000000000000.
[LOG] SystemI::init                            : Initialize version=20220 (139317), maxchannels=256, flags=0x00020000
[LOG] SystemI::setOutputInternal               : Setting output to 'FMOD WASAPI Output'
[LOG] OutputWASAPI::init                       : Mix Format (WAVEFORMATEX): wFormatTag=0xFFFE, nChannels=2, nSamplesPerSec=48000, nAvgBytesPerSec=384000, nBlockAlign=8, wBitsPerSample=32, cbSize=22.
[LOG] OutputWASAPI::init                       : Mix Format (WAVEFORMATEXTENSIBLE): wValidBitsPerSample=32, dwChannelMask=0x00000003, SubFormat=00000003-0000-0010-8000-00AA00389B71.
[LOG] OutputWASAPI::init                       : Output buffer size: 4096 samples, latency: 0.00ms, period: 10.00ms, DSP buffer: 1024 * 4
[LOG] Thread::initThread                       : Init FMOD stream thread. Affinity: 0x4000000000000003, Priority: 0xFFFF7FFB, Stack Size: 98304, Semaphore: No, Sleep Time: 10, Looping: Yes.
[LOG] Thread::initThread                       : Init FMOD mixer thread. Affinity: 0x4000000000000001, Priority: 0xFFFF7FFA, Stack Size: 81920, Semaphore: No, Sleep Time: 0, Looping: Yes.
[LOG] AsyncManager::init                       : manager 0000024EA66A24F8 isAsync 0 updatePeriod 0.02
[LOG] AsyncManager::init                       : done
[LOG] PlaybackSystem::init                     : 
[LOG] Thread::initThread                       : Init FMOD Studio sample load thread. Affinity: 0x4000000000000003, Priority: 0xFFFF7FFD, Stack Size: 98304, Semaphore: No, Sleep Time: 1, Looping: No.
[LOG] PlaybackSystem::init                     : done
[LOG] Thread::initThread                       : Init FMOD Studio bank load thread. Affinity: 0x4000000000000003, Priority: 0xFFFF7FFD, Stack Size: 98304, Semaphore: No, Sleep Time: 1, Looping: No.
[LOG] Manager::init                            : done.
[LOG] Manager::readBank                        : fileversion = 142, compatVersion = 140 (oldest = 44, newest = 142)
[LOG] Manager::readBank                        : fileversion = 142, compatVersion = 140 (oldest = 44, newest = 142)
[LOG] Manager::readBank                        : fileversion = 142, compatVersion = 140 (oldest = 44, newest = 142)
[LOG] PlaybackSystem::acquireMasterBus         : Setting master channel group format to 6
[LOG] SystemI::createSound                     : filename = Assets/SFXIgnominy/Build/Desktop/Master.bank : mode 02010082
[LOG] SystemI::createSound                     : FMOD_NONBLOCKING specified.  Putting into queue to be opened asynchronously!
[LOG] AsyncThread::add                         : add sound to async queue : soundi = 0000024EA92B31F8, queue head = 0000024E95365368, queue count = 0
[LOG] AsyncThread::threadFunc                  : Starting Asynchronous operation on sound 0000024EA92B31F8
[LOG] SystemI::createSoundInternal             :     Create name='Assets/SFXIgnominy/Build/Desktop/Master.bank', mode=0x02010082
[LOG] SystemI::createSoundInternal             :     exinfo->cbsize             = 224
[LOG] SystemI::createSoundInternal             :     exinfo->length             = 258720
[LOG] SystemI::createSoundInternal             :     exinfo->fileoffset         = 3296
[LOG] SystemI::createSoundInternal             :     exinfo->numsubsounds       = 1
[LOG] SystemI::createSoundInternal             :     exinfo->inclusionlist      = 0000024CE5C53510
[LOG] SystemI::createSoundInternal             :     exinfo->inclusionlistnum   = 1
[LOG] SystemI::createSoundInternal             :     exinfo->suggestedsoundtype = 5
[LOG] SystemI::createSoundInternal             :     exinfo->initialseekposition = 19222
[LOG] SystemI::createSoundInternal             :     exinfo->initialseekpostype = 1
[LOG] SystemI::createSoundInternal             :     Stream 0/1: name='falling-whistle-cartoon-180579', format=5, channels=2, frequency=48000, lengthbytes=245120, lengthpcm=1112189, pcmblocksize=0, loopstart=0, loopend=0, mode=0x00000000, channelmask=0x00000000, channelorder=0, peakvolume=0.699707.
[LOG] AsyncThread::threadFunc                  : Finished Asynchronous operation on sound 0000024EA92B31F8
[LOG] SystemI::createSound                     : filename = Assets/SFXIgnominy/Build/Desktop/Master.bank : mode 02010082
[LOG] SystemI::createSound                     : FMOD_NONBLOCKING specified.  Putting into queue to be opened asynchronously!
[LOG] AsyncThread::add                         : add sound to async queue : soundi = 0000024EA92B3F78, queue head = 0000024E95365368, queue count = 0
[LOG] AsyncThread::threadFunc                  : Starting Asynchronous operation on sound 0000024EA92B3F78
[LOG] SystemI::createSoundInternal             :     Create name='Assets/SFXIgnominy/Build/Desktop/Master.bank', mode=0x02010082
[LOG] SystemI::createSoundInternal             :     exinfo->cbsize             = 224
[LOG] SystemI::createSoundInternal             :     exinfo->length             = 258720
[LOG] SystemI::createSoundInternal             :     exinfo->fileoffset         = 3296
[LOG] SystemI::createSoundInternal             :     exinfo->numsubsounds       = 1
[LOG] SystemI::createSoundInternal             :     exinfo->inclusionlist      = 0000024CE5C53790
[LOG] SystemI::createSoundInternal             :     exinfo->inclusionlistnum   = 1
[LOG] SystemI::createSoundInternal             :     exinfo->suggestedsoundtype = 5
[LOG] SystemI::createSoundInternal             :     exinfo->initialseekposition = 19222
[LOG] SystemI::createSoundInternal             :     exinfo->initialseekpostype = 1
[LOG] SystemI::createSoundInternal             :     Stream 0/1: name='falling-whistle-cartoon-180579', format=5, channels=2, frequency=48000, lengthbytes=245120, lengthpcm=1112189, pcmblocksize=0, loopstart=0, loopend=0, mode=0x00000000, channelmask=0x00000000, channelorder=0, peakvolume=0.699707.
[LOG] AsyncThread::threadFunc                  : Finished Asynchronous operation on sound 0000024EA92B3F78
[LOG] SystemI::createSound                     : filename = Assets/SFXIgnominy/Build/Desktop/Master.bank : mode 02010082
[LOG] SystemI::createSound                     : FMOD_NONBLOCKING specified.  Putting into queue to be opened asynchronously!
[LOG] AsyncThread::add                         : add sound to async queue : soundi = 0000024EA92B33A8, queue head = 0000024E95365368, queue count = 0
[LOG] AsyncThread::threadFunc                  : Starting Asynchronous operation on sound 0000024EA92B33A8
[LOG] SystemI::createSoundInternal             :     Create name='Assets/SFXIgnominy/Build/Desktop/Master.bank', mode=0x02010082
[LOG] SystemI::createSoundInternal             :     exinfo->cbsize             = 224
[LOG] SystemI::createSoundInternal             :     exinfo->length             = 258720
[LOG] SystemI::createSoundInternal             :     exinfo->fileoffset         = 3296
[LOG] SystemI::createSoundInternal             :     exinfo->numsubsounds       = 1
[LOG] SystemI::createSoundInternal             :     exinfo->inclusionlist      = 0000024CE5C542D0
[LOG] SystemI::createSoundInternal             :     exinfo->inclusionlistnum   = 1
[LOG] SystemI::createSoundInternal             :     exinfo->suggestedsoundtype = 5
[LOG] SystemI::createSoundInternal             :     exinfo->initialseekposition = 19222
[LOG] SystemI::createSoundInternal             :     exinfo->initialseekpostype = 1
[LOG] SystemI::createSoundInternal             :     Stream 0/1: name='falling-whistle-cartoon-180579', format=5, channels=2, frequency=48000, lengthbytes=245120, lengthpcm=1112189, pcmblocksize=0, loopstart=0, loopend=0, mode=0x00000000, channelmask=0x00000000, channelorder=0, peakvolume=0.699707.
[LOG] AsyncThread::threadFunc                  : Finished Asynchronous operation on sound 0000024EA92B33A8
[LOG] SystemI::createSound                     : filename = Assets/SFXIgnominy/Build/Desktop/Master.bank : mode 02010082
[LOG] SystemI::createSound                     : FMOD_NONBLOCKING specified.  Putting into queue to be opened asynchronously!
[LOG] AsyncThread::add                         : add sound to async queue : soundi = 0000024E9688DC68, queue head = 0000024E95365368, queue count = 0
[LOG] AsyncThread::threadFunc                  : Starting Asynchronous operation on sound 0000024E9688DC68
[LOG] SystemI::createSoundInternal             :     Create name='Assets/SFXIgnominy/Build/Desktop/Master.bank', mode=0x02010082
[LOG] SystemI::createSoundInternal             :     exinfo->cbsize             = 224
[LOG] SystemI::createSoundInternal             :     exinfo->length             = 258720
[LOG] SystemI::createSoundInternal             :     exinfo->fileoffset         = 3296
[LOG] SystemI::createSoundInternal             :     exinfo->numsubsounds       = 1
[LOG] SystemI::createSoundInternal             :     exinfo->inclusionlist      = 0000024CE5CC9CD0
[LOG] SystemI::createSoundInternal             :     exinfo->inclusionlistnum   = 1
[LOG] SystemI::createSoundInternal             :     exinfo->suggestedsoundtype = 5
[LOG] SystemI::createSoundInternal             :     exinfo->initialseekposition = 19222
[LOG] SystemI::createSoundInternal             :     exinfo->initialseekpostype = 1
[LOG] SystemI::createSoundInternal             :     Stream 0/1: name='falling-whistle-cartoon-180579', format=5, channels=2, frequency=48000, lengthbytes=245120, lengthpcm=1112189, pcmblocksize=0, loopstart=0, loopend=0, mode=0x00000000, channelmask=0x00000000, channelorder=0, peakvolume=0.699707.
[LOG] AsyncThread::threadFunc                  : Finished Asynchronous operation on sound 0000024E9688DC68
[LOG] SystemI::createSound                     : filename = Assets/SFXIgnominy/Build/Desktop/Master.bank : mode 02010082
[LOG] SystemI::createSound                     : FMOD_NONBLOCKING specified.  Putting into queue to be opened asynchronously!
[LOG] AsyncThread::add                         : add sound to async queue : soundi = 0000024E9688D758, queue head = 0000024E95365368, queue count = 0
[LOG] AsyncThread::threadFunc                  : Starting Asynchronous operation on sound 0000024E9688D758
[LOG] SystemI::createSoundInternal             :     Create name='Assets/SFXIgnominy/Build/Desktop/Master.bank', mode=0x02010082
[LOG] SystemI::createSoundInternal             :     exinfo->cbsize             = 224
[LOG] SystemI::createSoundInternal             :     exinfo->length             = 258720
[LOG] SystemI::createSoundInternal             :     exinfo->fileoffset         = 3296
[LOG] SystemI::createSoundInternal             :     exinfo->numsubsounds       = 1
[LOG] SystemI::createSoundInternal             :     exinfo->inclusionlist      = 0000024CE5CC9E10
[LOG] SystemI::createSoundInternal             :     exinfo->inclusionlistnum   = 1
[LOG] SystemI::createSoundInternal             :     exinfo->suggestedsoundtype = 5
[LOG] SystemI::createSoundInternal             :     exinfo->initialseekposition = 19222
[LOG] SystemI::createSoundInternal             :     exinfo->initialseekpostype = 1
[LOG] SystemI::createSoundInternal             :     Stream 0/1: name='falling-whistle-cartoon-180579', format=5, channels=2, frequency=48000, lengthbytes=245120, lengthpcm=1112189, pcmblocksize=0, loopstart=0, loopend=0, mode=0x00000000, channelmask=0x00000000, channelorder=0, peakvolume=0.699707.
[LOG] AsyncThread::threadFunc                  : Finished Asynchronous operation on sound 0000024E9688D758
[LOG] SystemI::createSound                     : filename = Assets/SFXIgnominy/Build/Desktop/Master.bank : mode 02010082
[LOG] SystemI::createSound                     : FMOD_NONBLOCKING specified.  Putting into queue to be opened asynchronously!
[LOG] AsyncThread::add                         : add sound to async queue : soundi = 0000024E9688E328, queue head = 0000024E95365368, queue count = 0
[LOG] AsyncThread::threadFunc                  : Starting Asynchronous operation on sound 0000024E9688E328
[LOG] SystemI::createSoundInternal             :     Create name='Assets/SFXIgnominy/Build/Desktop/Master.bank', mode=0x02010082
[LOG] SystemI::createSoundInternal             :     exinfo->cbsize             = 224
[LOG] SystemI::createSoundInternal             :     exinfo->length             = 258720
[LOG] SystemI::createSoundInternal             :     exinfo->fileoffset         = 3296
[LOG] SystemI::createSoundInternal             :     exinfo->numsubsounds       = 1
[LOG] SystemI::createSoundInternal             :     exinfo->inclusionlist      = 0000024D06033330
[LOG] SystemI::createSoundInternal             :     exinfo->inclusionlistnum   = 1
[LOG] SystemI::createSoundInternal             :     exinfo->suggestedsoundtype = 5
[LOG] SystemI::createSoundInternal             :     exinfo->initialseekposition = 19222
[LOG] SystemI::createSoundInternal             :     exinfo->initialseekpostype = 1
[LOG] SystemI::createSoundInternal             :     Stream 0/1: name='falling-whistle-cartoon-180579', format=5, channels=2, frequency=48000, lengthbytes=245120, lengthpcm=1112189, pcmblocksize=0, loopstart=0, loopend=0, mode=0x00000000, channelmask=0x00000000, channelorder=0, peakvolume=0.699707.
[LOG] AsyncThread::threadFunc                  : Finished Asynchronous operation on sound 0000024E9688E328
[LOG] SoundI::release                          : falling-whistle-cartoon-180579 (0000024EA92B31F8)
[LOG] SoundI::release                          :     falling-whistle-cartoon-180579 (0000024FA2FE5CA8)
[LOG] SoundI::release                          :     falling-whistle-cartoon-180579 (0000024EDDF22EC8)
[LOG] SystemI::createSound                     : filename = Assets/SFXIgnominy/Build/Desktop/Master.bank : mode 02010082
[LOG] SystemI::createSound                     : FMOD_NONBLOCKING specified.  Putting into queue to be opened asynchronously!
[LOG] AsyncThread::add                         : add sound to async queue : soundi = 0000024E9688DAB8, queue head = 0000024E95365368, queue count = 0
[LOG] AsyncThread::threadFunc                  : Starting Asynchronous operation on sound 0000024E9688DAB8
[LOG] SystemI::createSoundInternal             :     Create name='Assets/SFXIgnominy/Build/Desktop/Master.bank', mode=0x02010082
[LOG] SystemI::createSoundInternal             :     exinfo->cbsize             = 224
[LOG] SystemI::createSoundInternal             :     exinfo->length             = 258720
[LOG] SystemI::createSoundInternal             :     exinfo->fileoffset         = 3296
[LOG] SystemI::createSoundInternal             :     exinfo->numsubsounds       = 1
[LOG] SystemI::createSoundInternal             :     exinfo->inclusionlist      = 0000024D06032CF0
[LOG] SystemI::createSoundInternal             :     exinfo->inclusionlistnum   = 1
[LOG] SystemI::createSoundInternal             :     exinfo->suggestedsoundtype = 5
[LOG] SystemI::createSoundInternal             :     exinfo->initialseekposition = 19222
[LOG] SystemI::createSoundInternal             :     exinfo->initialseekpostype = 1
[LOG] SystemI::createSoundInternal             :     Stream 0/1: name='falling-whistle-cartoon-180579', format=5, channels=2, frequency=48000, lengthbytes=245120, lengthpcm=1112189, pcmblocksize=0, loopstart=0, loopend=0, mode=0x00000000, channelmask=0x00000000, channelorder=0, peakvolume=0.699707.
[LOG] AsyncThread::threadFunc                  : Finished Asynchronous operation on sound 0000024E9688DAB8
[LOG] SoundI::release                          : falling-whistle-cartoon-180579 (0000024EA92B3F78)
[LOG] SoundI::release                          :     falling-whistle-cartoon-180579 (0000024FA2FE79E8)
[LOG] SoundI::release                          :     falling-whistle-cartoon-180579 (0000024EDDF23078)
[LOG] SystemI::createSound                     : filename = Assets/SFXIgnominy/Build/Desktop/Master.bank : mode 02010082
[LOG] SystemI::createSound                     : FMOD_NONBLOCKING specified.  Putting into queue to be opened asynchronously!
[LOG] AsyncThread::add                         : add sound to async queue : soundi = 0000024E9C9E6098, queue head = 0000024E95365368, queue count = 0
[LOG] AsyncThread::threadFunc                  : Starting Asynchronous operation on sound 0000024E9C9E6098
[LOG] SystemI::createSoundInternal             :     Create name='Assets/SFXIgnominy/Build/Desktop/Master.bank', mode=0x02010082
[LOG] SystemI::createSoundInternal             :     exinfo->cbsize             = 224
[LOG] SystemI::createSoundInternal             :     exinfo->length             = 258720
[LOG] SystemI::createSoundInternal             :     exinfo->fileoffset         = 3296
[LOG] SystemI::createSoundInternal             :     exinfo->numsubsounds       = 1
[LOG] SystemI::createSoundInternal             :     exinfo->inclusionlist      = 0000024D060336F0
[LOG] SystemI::createSoundInternal             :     exinfo->inclusionlistnum   = 1
[LOG] SystemI::createSoundInternal             :     exinfo->suggestedsoundtype = 5
[LOG] SystemI::createSoundInternal             :     exinfo->initialseekposition = 19222
[LOG] SystemI::createSoundInternal             :     exinfo->initialseekpostype = 1
[LOG] SystemI::createSoundInternal             :     Stream 0/1: name='falling-whistle-cartoon-180579', format=5, channels=2, frequency=48000, lengthbytes=245120, lengthpcm=1112189, pcmblocksize=0, loopstart=0, loopend=0, mode=0x00000000, channelmask=0x00000000, channelorder=0, peakvolume=0.699707.
[LOG] AsyncThread::threadFunc                  : Finished Asynchronous operation on sound 0000024E9C9E6098
[LOG] SoundI::release                          : falling-whistle-cartoon-180579 (0000024EA92B33A8)
[LOG] SoundI::release                          :     falling-whistle-cartoon-180579 (0000024FA2FE4E08)
[LOG] SoundI::release                          :     falling-whistle-cartoon-180579 (0000024FB4B6AF68)
[LOG] SystemI::createSound                     : filename = Assets/SFXIgnominy/Build/Desktop/Master.bank : mode 02010082
[LOG] SystemI::createSound                     : FMOD_NONBLOCKING specified.  Putting into queue to be opened asynchronously!
[LOG] AsyncThread::add                         : add sound to async queue : soundi = 0000024E9C9E6248, queue head = 0000024E95365368, queue count = 0
[LOG] AsyncThread::threadFunc                  : Starting Asynchronous operation on sound 0000024E9C9E6248
[LOG] SystemI::createSoundInternal             :     Create name='Assets/SFXIgnominy/Build/Desktop/Master.bank', mode=0x02010082
[LOG] SystemI::createSoundInternal             :     exinfo->cbsize             = 224
[LOG] SystemI::createSoundInternal             :     exinfo->length             = 258720
[LOG] SystemI::createSoundInternal             :     exinfo->fileoffset         = 3296
[LOG] SystemI::createSoundInternal             :     exinfo->numsubsounds       = 1
[LOG] SystemI::createSoundInternal             :     exinfo->inclusionlist      = 0000024D06032E30
[LOG] SystemI::createSoundInternal             :     exinfo->inclusionlistnum   = 1
[LOG] SystemI::createSoundInternal             :     exinfo->suggestedsoundtype = 5
[LOG] SystemI::createSoundInternal             :     exinfo->initialseekposition = 19222
[LOG] SystemI::createSoundInternal             :     exinfo->initialseekpostype = 1
[LOG] SystemI::createSoundInternal             :     Stream 0/1: name='falling-whistle-cartoon-180579', format=5, channels=2, frequency=48000, lengthbytes=245120, lengthpcm=1112189, pcmblocksize=0, loopstart=0, loopend=0, mode=0x00000000, channelmask=0x00000000, channelorder=0, peakvolume=0.699707.
[LOG] AsyncThread::threadFunc                  : Finished Asynchronous operation on sound 0000024E9C9E6248
[LOG] SoundI::release                          : falling-whistle-cartoon-180579 (0000024E9688DC68)
[LOG] SoundI::release                          :     falling-whistle-cartoon-180579 (0000024FA2FE6668)
[LOG] SoundI::release                          :     falling-whistle-cartoon-180579 (0000024FB4B6ADB8)
[LOG] SystemI::createSound                     : filename = Assets/SFXIgnominy/Build/Desktop/Master.bank : mode 02010082
[LOG] SystemI::createSound                     : FMOD_NONBLOCKING specified.  Putting into queue to be opened asynchronously!
[LOG] AsyncThread::add                         : add sound to async queue : soundi = 0000024E9C9E5EE8, queue head = 0000024E95365368, queue count = 0
[LOG] AsyncThread::threadFunc                  : Starting Asynchronous operation on sound 0000024E9C9E5EE8
[LOG] SystemI::createSoundInternal             :     Create name='Assets/SFXIgnominy/Build/Desktop/Master.bank', mode=0x02010082
[LOG] SystemI::createSoundInternal             :     exinfo->cbsize             = 224
[LOG] SystemI::createSoundInternal             :     exinfo->length             = 258720
[LOG] SystemI::createSoundInternal             :     exinfo->fileoffset         = 3296
[LOG] SystemI::createSoundInternal             :     exinfo->numsubsounds       = 1
[LOG] SystemI::createSoundInternal             :     exinfo->inclusionlist      = 0000024D06032F70
[LOG] SystemI::createSoundInternal             :     exinfo->inclusionlistnum   = 1
[LOG] SystemI::createSoundInternal             :     exinfo->suggestedsoundtype = 5
[LOG] SystemI::createSoundInternal             :     exinfo->initialseekposition = 19222
[LOG] SystemI::createSoundInternal             :     exinfo->initialseekpostype = 1
[LOG] SystemI::createSoundInternal             :     Stream 0/1: name='falling-whistle-cartoon-180579', format=5, channels=2, frequency=48000, lengthbytes=245120, lengthpcm=1112189, pcmblocksize=0, loopstart=0, loopend=0, mode=0x00000000, channelmask=0x00000000, channelorder=0, peakvolume=0.699707.
[LOG] AsyncThread::threadFunc                  : Finished Asynchronous operation on sound 0000024E9C9E5EE8
[LOG] SoundI::release                          : falling-whistle-cartoon-180579 (0000024E9688D758)
[LOG] SoundI::release                          :     falling-whistle-cartoon-180579 (0000024FA2FE7B88)
[LOG] SoundI::release                          :     falling-whistle-cartoon-180579 (0000024FB4B6B118)
[LOG] SystemI::createSound                     : filename = Assets/SFXIgnominy/Build/Desktop/Master.bank : mode 02010082
[LOG] SystemI::createSound                     : FMOD_NONBLOCKING specified.  Putting into queue to be opened asynchronously!
[LOG] AsyncThread::add                         : add sound to async queue : soundi = 0000024E9C9E5828, queue head = 0000024E95365368, queue count = 0
[LOG] AsyncThread::threadFunc                  : Starting Asynchronous operation on sound 0000024E9C9E5828
[LOG] SystemI::createSoundInternal             :     Create name='Assets/SFXIgnominy/Build/Desktop/Master.bank', mode=0x02010082
[LOG] SystemI::createSoundInternal             :     exinfo->cbsize             = 224
[LOG] SystemI::createSoundInternal             :     exinfo->length             = 258720
[LOG] SystemI::createSoundInternal             :     exinfo->fileoffset         = 3296
[LOG] SystemI::createSoundInternal             :     exinfo->numsubsounds       = 1
[LOG] SystemI::createSoundInternal             :     exinfo->inclusionlist      = 0000024D060330B0
[LOG] SystemI::createSoundInternal             :     exinfo->inclusionlistnum   = 1
[LOG] SystemI::createSoundInternal             :     exinfo->suggestedsoundtype = 5
[LOG] SystemI::createSoundInternal             :     exinfo->initialseekposition = 19222
[LOG] SystemI::createSoundInternal             :     exinfo->initialseekpostype = 1
[LOG] SystemI::createSoundInternal             :     Stream 0/1: name='falling-whistle-cartoon-180579', format=5, channels=2, frequency=48000, lengthbytes=245120, lengthpcm=1112189, pcmblocksize=0, loopstart=0, loopend=0, mode=0x00000000, channelmask=0x00000000, channelorder=0, peakvolume=0.699707.
[LOG] AsyncThread::threadFunc                  : Finished Asynchronous operation on sound 0000024E9C9E5828
[LOG] SoundI::release                          : falling-whistle-cartoon-180579 (0000024E9688E328)
[LOG] SoundI::release                          :     falling-whistle-cartoon-180579 (0000024FA2FE5E48)
[LOG] SoundI::release                          :     falling-whistle-cartoon-180579 (0000024FB4B6B478)
[LOG] SystemI::createSound                     : filename = Assets/SFXIgnominy/Build/Desktop/Master.bank : mode 02010082
[LOG] SystemI::createSound                     : FMOD_NONBLOCKING specified.  Putting into queue to be opened asynchronously!
[LOG] AsyncThread::add                         : add sound to async queue : soundi = 0000024E9688E178, queue head = 0000024E95365368, queue count = 0
[LOG] AsyncThread::threadFunc                  : Starting Asynchronous operation on sound 0000024E9688E178
[LOG] SystemI::createSoundInternal             :     Create name='Assets/SFXIgnominy/Build/Desktop/Master.bank', mode=0x02010082
[LOG] SystemI::createSoundInternal             :     exinfo->cbsize             = 224
[LOG] SystemI::createSoundInternal             :     exinfo->length             = 258720
[LOG] SystemI::createSoundInternal             :     exinfo->fileoffset         = 3296
[LOG] SystemI::createSoundInternal             :     exinfo->numsubsounds       = 1
[LOG] SystemI::createSoundInternal             :     exinfo->inclusionlist      = 0000024D06033830
[LOG] SystemI::createSoundInternal             :     exinfo->inclusionlistnum   = 1
[LOG] SystemI::createSoundInternal             :     exinfo->suggestedsoundtype = 5
[LOG] SystemI::createSoundInternal             :     exinfo->initialseekposition = 19222
[LOG] SystemI::createSoundInternal             :     exinfo->initialseekpostype = 1
[LOG] SystemI::createSoundInternal             :     Stream 0/1: name='falling-whistle-cartoon-180579', format=5, channels=2, frequency=48000, lengthbytes=245120, lengthpcm=1112189, pcmblocksize=0, loopstart=0, loopend=0, mode=0x00000000, channelmask=0x00000000, channelorder=0, peakvolume=0.699707.
[LOG] AsyncThread::threadFunc                  : Finished Asynchronous operation on sound 0000024E9688E178
[LOG] SoundI::release                          : falling-whistle-cartoon-180579 (0000024E9688DAB8)
[LOG] SoundI::release                          :     falling-whistle-cartoon-180579 (0000024FA27FE6E8)
[LOG] SoundI::release                          :     falling-whistle-cartoon-180579 (0000024EA92B38B8)
[LOG] SystemI::createSound                     : filename = Assets/SFXIgnominy/Build/Desktop/Master.bank : mode 02010082
[LOG] SystemI::createSound                     : FMOD_NONBLOCKING specified.  Putting into queue to be opened asynchronously!
[LOG] AsyncThread::add                         : add sound to async queue : soundi = 0000024E9688D908, queue head = 0000024E95365368, queue count = 0
[LOG] AsyncThread::threadFunc                  : Starting Asynchronous operation on sound 0000024E9688D908
[LOG] SystemI::createSoundInternal             :     Create name='Assets/SFXIgnominy/Build/Desktop/Master.bank', mode=0x02010082
[LOG] SystemI::createSoundInternal             :     exinfo->cbsize             = 224
[LOG] SystemI::createSoundInternal             :     exinfo->length             = 258720
[LOG] SystemI::createSoundInternal             :     exinfo->fileoffset         = 3296
[LOG] SystemI::createSoundInternal             :     exinfo->numsubsounds       = 1
[LOG] SystemI::createSoundInternal             :     exinfo->inclusionlist      = 0000024D060331F0
[LOG] SystemI::createSoundInternal             :     exinfo->inclusionlistnum   = 1
[LOG] SystemI::createSoundInternal             :     exinfo->suggestedsoundtype = 5
[LOG] SystemI::createSoundInternal             :     exinfo->initialseekposition = 19222
[LOG] SystemI::createSoundInternal             :     exinfo->initialseekpostype = 1
[LOG] SystemI::createSoundInternal             :     Stream 0/1: name='falling-whistle-cartoon-180579', format=5, channels=2, frequency=48000, lengthbytes=245120, lengthpcm=1112189, pcmblocksize=0, loopstart=0, loopend=0, mode=0x00000000, channelmask=0x00000000, channelorder=0, peakvolume=0.699707.
[LOG] AsyncThread::threadFunc                  : Finished Asynchronous operation on sound 0000024E9688D908
[LOG] SoundI::release                          : falling-whistle-cartoon-180579 (0000024E9C9E6098)
[LOG] SoundI::release                          :     falling-whistle-cartoon-180579 (0000024FA27FE208)
[LOG] SoundI::release                          :     falling-whistle-cartoon-180579 (0000024EA92B31F8)
[LOG] SystemI::createSound                     : filename = Assets/SFXIgnominy/Build/Desktop/Master.bank : mode 02010082
[LOG] SystemI::createSound                     : FMOD_NONBLOCKING specified.  Putting into queue to be opened asynchronously!
[LOG] AsyncThread::add                         : add sound to async queue : soundi = 0000024EA5E97BB8, queue head = 0000024E95365368, queue count = 0
[LOG] AsyncThread::threadFunc                  : Starting Asynchronous operation on sound 0000024EA5E97BB8
[LOG] SystemI::createSoundInternal             :     Create name='Assets/SFXIgnominy/Build/Desktop/Master.bank', mode=0x02010082
[LOG] SystemI::createSoundInternal             :     exinfo->cbsize             = 224
[LOG] SystemI::createSoundInternal             :     exinfo->length             = 258720
[LOG] SystemI::createSoundInternal             :     exinfo->fileoffset         = 3296
[LOG] SystemI::createSoundInternal             :     exinfo->numsubsounds       = 1
[LOG] SystemI::createSoundInternal             :     exinfo->inclusionlist      = 0000024EA8F60A10
[LOG] SystemI::createSoundInternal             :     exinfo->inclusionlistnum   = 1
[LOG] SystemI::createSoundInternal             :     exinfo->suggestedsoundtype = 5
[LOG] SystemI::createSoundInternal             :     exinfo->initialseekposition = 19222
[LOG] SystemI::createSoundInternal             :     exinfo->initialseekpostype = 1
[LOG] SystemI::createSoundInternal             :     Stream 0/1: name='falling-whistle-cartoon-180579', format=5, channels=2, frequency=48000, lengthbytes=245120, lengthpcm=1112189, pcmblocksize=0, loopstart=0, loopend=0, mode=0x00000000, channelmask=0x00000000, channelorder=0, peakvolume=0.699707.
[LOG] AsyncThread::threadFunc                  : Finished Asynchronous operation on sound 0000024EA5E97BB8
[LOG] SoundI::release                          : falling-whistle-cartoon-180579 (0000024E9C9E6248)
[LOG] SoundI::release                          :     falling-whistle-cartoon-180579 (0000024FA27FE068)
[LOG] SoundI::release                          :     falling-whistle-cartoon-180579 (0000024EA92B3558)
[LOG] SystemI::createSound                     : filename = Assets/SFXIgnominy/Build/Desktop/Master.bank : mode 02010082
[LOG] SystemI::createSound                     : FMOD_NONBLOCKING specified.  Putting into queue to be opened asynchronously!
[LOG] AsyncThread::add                         : add sound to async queue : soundi = 0000024E9BC20AA8, queue head = 0000024E95365368, queue count = 0
[LOG] AsyncThread::threadFunc                  : Starting Asynchronous operation on sound 0000024E9BC20AA8
[LOG] SystemI::createSoundInternal             :     Create name='Assets/SFXIgnominy/Build/Desktop/Master.bank', mode=0x02010082
[LOG] SystemI::createSoundInternal             :     exinfo->cbsize             = 224
[LOG] SystemI::createSoundInternal             :     exinfo->length             = 258720
[LOG] SystemI::createSoundInternal             :     exinfo->fileoffset         = 3296
[LOG] SystemI::createSoundInternal             :     exinfo->numsubsounds       = 1
[LOG] SystemI::createSoundInternal             :     exinfo->inclusionlist      = 0000024EA8F608D0
[LOG] SystemI::createSoundInternal             :     exinfo->inclusionlistnum   = 1
[LOG] SystemI::createSoundInternal             :     exinfo->suggestedsoundtype = 5
[LOG] SystemI::createSoundInternal             :     exinfo->initialseekposition = 19222
[LOG] SystemI::createSoundInternal             :     exinfo->initialseekpostype = 1
[LOG] SystemI::createSoundInternal             :     Stream 0/1: name='falling-whistle-cartoon-180579', format=5, channels=2, frequency=48000, lengthbytes=245120, lengthpcm=1112189, pcmblocksize=0, loopstart=0, loopend=0, mode=0x00000000, channelmask=0x00000000, channelorder=0, peakvolume=0.699707.
[LOG] AsyncThread::threadFunc                  : Finished Asynchronous operation on sound 0000024E9BC20AA8
[WRN] SoundSourceInstrumentInstance::startChannelIfReady : Loading delay exceeded, sound may play at incorrect time
[LOG] SoundI::release                          : falling-whistle-cartoon-180579 (0000024E9C9E5EE8)
[LOG] SoundI::release                          :     falling-whistle-cartoon-180579 (0000024FA27FFF48)
[LOG] SoundI::release                          :     falling-whistle-cartoon-180579 (0000024EA92B33A8)
[LOG] SystemI::createSound                     : filename = Assets/SFXIgnominy/Build/Desktop/Master.bank : mode 02010082
[LOG] SystemI::createSound                     : FMOD_NONBLOCKING specified.  Putting into queue to be opened asynchronously!
[LOG] AsyncThread::add                         : add sound to async queue : soundi = 0000024E9688E328, queue head = 0000024E95365368, queue count = 0
[LOG] AsyncThread::threadFunc                  : Starting Asynchronous operation on sound 0000024E9688E328
[LOG] SystemI::createSoundInternal             :     Create name='Assets/SFXIgnominy/Build/Desktop/Master.bank', mode=0x02010082
[LOG] SystemI::createSoundInternal             :     exinfo->cbsize             = 224
[LOG] SystemI::createSoundInternal             :     exinfo->length             = 258720
[LOG] SystemI::createSoundInternal             :     exinfo->fileoffset         = 3296
[LOG] SystemI::createSoundInternal             :     exinfo->numsubsounds       = 1
[LOG] SystemI::createSoundInternal             :     exinfo->inclusionlist      = 0000024D06033330
[LOG] SystemI::createSoundInternal             :     exinfo->inclusionlistnum   = 1
[LOG] SystemI::createSoundInternal             :     exinfo->suggestedsoundtype = 5
[LOG] SystemI::createSoundInternal             :     exinfo->initialseekposition = 19222
[LOG] SystemI::createSoundInternal             :     exinfo->initialseekpostype = 1
[LOG] SystemI::createSoundInternal             :     Stream 0/1: name='falling-whistle-cartoon-180579', format=5, channels=2, frequency=48000, lengthbytes=245120, lengthpcm=1112189, pcmblocksize=0, loopstart=0, loopend=0, mode=0x00000000, channelmask=0x00000000, channelorder=0, peakvolume=0.699707.
[LOG] AsyncThread::threadFunc                  : Finished Asynchronous operation on sound 0000024E9688E328
[LOG] SoundI::release                          : falling-whistle-cartoon-180579 (0000024E9C9E5828)
[LOG] SoundI::release                          :     falling-whistle-cartoon-180579 (0000024FA2800768)
[LOG] SoundI::release                          :     falling-whistle-cartoon-180579 (0000024EA92B3708)
[LOG] SystemI::createSound                     : filename = Assets/SFXIgnominy/Build/Desktop/Master.bank : mode 02010082
[LOG] SystemI::createSound                     : FMOD_NONBLOCKING specified.  Putting into queue to be opened asynchronously!
[LOG] AsyncThread::add                         : add sound to async queue : soundi = 0000024E9C9E5EE8, queue head = 0000024E95365368, queue count = 0
[LOG] AsyncThread::threadFunc                  : Starting Asynchronous operation on sound 0000024E9C9E5EE8
[LOG] SystemI::createSoundInternal             :     Create name='Assets/SFXIgnominy/Build/Desktop/Master.bank', mode=0x02010082
[LOG] SystemI::createSoundInternal             :     exinfo->cbsize             = 224
[LOG] SystemI::createSoundInternal             :     exinfo->length             = 258720
[LOG] SystemI::createSoundInternal             :     exinfo->fileoffset         = 3296
[LOG] SystemI::createSoundInternal             :     exinfo->numsubsounds       = 1
[LOG] SystemI::createSoundInternal             :     exinfo->inclusionlist      = 0000024D06032F70
[LOG] SystemI::createSoundInternal             :     exinfo->inclusionlistnum   = 1
[LOG] SystemI::createSoundInternal             :     exinfo->suggestedsoundtype = 5
[LOG] SystemI::createSoundInternal             :     exinfo->initialseekposition = 19222
[LOG] SystemI::createSoundInternal             :     exinfo->initialseekpostype = 1
[LOG] SystemI::createSoundInternal             :     Stream 0/1: name='falling-whistle-cartoon-180579', format=5, channels=2, frequency=48000, lengthbytes=245120, lengthpcm=1112189, pcmblocksize=0, loopstart=0, loopend=0, mode=0x00000000, channelmask=0x00000000, channelorder=0, peakvolume=0.699707.
[LOG] AsyncThread::threadFunc                  : Finished Asynchronous operation on sound 0000024E9C9E5EE8
[LOG] SoundI::release                          : falling-whistle-cartoon-180579 (0000024E9688E178)
[LOG] SoundI::release                          :     falling-whistle-cartoon-180579 (0000024FA2803348)
[LOG] SoundI::release                          :     falling-whistle-cartoon-180579 (0000024EA92B3DC8)
[WRN] SoundSourceInstrumentInstance::startChannelIfReady : Loading delay exceeded, sound may play at incorrect time
[LOG] SystemI::createSound                     : filename = Assets/SFXIgnominy/Build/Desktop/Master.bank : mode 02010082
[LOG] SystemI::createSound                     : FMOD_NONBLOCKING specified.  Putting into queue to be opened asynchronously!
[LOG] AsyncThread::add                         : add sound to async queue : soundi = 0000024E9C9E5678, queue head = 0000024E95365368, queue count = 0
[LOG] AsyncThread::threadFunc                  : Starting Asynchronous operation on sound 0000024E9C9E5678
[LOG] SystemI::createSoundInternal             :     Create name='Assets/SFXIgnominy/Build/Desktop/Master.bank', mode=0x02010082
[LOG] SystemI::createSoundInternal             :     exinfo->cbsize             = 224
[LOG] SystemI::createSoundInternal             :     exinfo->length             = 258720
[LOG] SystemI::createSoundInternal             :     exinfo->fileoffset         = 3296
[LOG] SystemI::createSoundInternal             :     exinfo->numsubsounds       = 1
[LOG] SystemI::createSoundInternal             :     exinfo->inclusionlist      = 0000024D06032E30
[LOG] SystemI::createSoundInternal             :     exinfo->inclusionlistnum   = 1
[LOG] SystemI::createSoundInternal             :     exinfo->suggestedsoundtype = 5
[LOG] SystemI::createSoundInternal             :     exinfo->initialseekposition = 19222
[LOG] SystemI::createSoundInternal             :     exinfo->initialseekpostype = 1
[LOG] SystemI::createSoundInternal             :     Stream 0/1: name='falling-whistle-cartoon-180579', format=5, channels=2, frequency=48000, lengthbytes=245120, lengthpcm=1112189, pcmblocksize=0, loopstart=0, loopend=0, mode=0x00000000, channelmask=0x00000000, channelorder=0, peakvolume=0.699707.
[LOG] AsyncThread::threadFunc                  : Finished Asynchronous operation on sound 0000024E9C9E5678
[LOG] SoundI::release                          : falling-whistle-cartoon-180579 (0000024E9688D908)
[LOG] SoundI::release                          :     falling-whistle-cartoon-180579 (0000024E9B768228)
[LOG] SoundI::release                          :     falling-whistle-cartoon-180579 (0000024E9688E4D8)
[LOG] SystemI::createSound                     : filename = Assets/SFXIgnominy/Build/Desktop/Master.bank : mode 02010082
[LOG] SystemI::createSound                     : FMOD_NONBLOCKING specified.  Putting into queue to be opened asynchronously!
[LOG] AsyncThread::add                         : add sound to async queue : soundi = 0000024E9C9E5D38, queue head = 0000024E95365368, queue count = 0
[LOG] AsyncThread::threadFunc                  : Starting Asynchronous operation on sound 0000024E9C9E5D38
[LOG] SystemI::createSoundInternal             :     Create name='Assets/SFXIgnominy/Build/Desktop/Master.bank', mode=0x02010082
[LOG] SystemI::createSoundInternal             :     exinfo->cbsize             = 224
[LOG] SystemI::createSoundInternal             :     exinfo->length             = 258720
[LOG] SystemI::createSoundInternal             :     exinfo->fileoffset         = 3296
[LOG] SystemI::createSoundInternal             :     exinfo->numsubsounds       = 1
[LOG] SystemI::createSoundInternal             :     exinfo->inclusionlist      = 0000024D060335B0
[LOG] SystemI::createSoundInternal             :     exinfo->inclusionlistnum   = 1
[LOG] SystemI::createSoundInternal             :     exinfo->suggestedsoundtype = 5
[LOG] SystemI::createSoundInternal             :     exinfo->initialseekposition = 19222
[LOG] SystemI::createSoundInternal             :     exinfo->initialseekpostype = 1
[LOG] SystemI::createSoundInternal             :     Stream 0/1: name='falling-whistle-cartoon-180579', format=5, channels=2, frequency=48000, lengthbytes=245120, lengthpcm=1112189, pcmblocksize=0, loopstart=0, loopend=0, mode=0x00000000, channelmask=0x00000000, channelorder=0, peakvolume=0.699707.
[LOG] AsyncThread::threadFunc                  : Finished Asynchronous operation on sound 0000024E9C9E5D38
[LOG] SoundI::release                          : falling-whistle-cartoon-180579 (0000024EA5E97BB8)
[LOG] SoundI::release                          :     falling-whistle-cartoon-180579 (0000024E9B768708)
[LOG] SoundI::release                          :     falling-whistle-cartoon-180579 (0000024E9688DAB8)
[LOG] SystemI::createSound                     : filename = Assets/SFXIgnominy/Build/Desktop/Master.bank : mode 02010082
[LOG] SystemI::createSound                     : FMOD_NONBLOCKING specified.  Putting into queue to be opened asynchronously!
[LOG] AsyncThread::add                         : add sound to async queue : soundi = 0000024E9C9E54C8, queue head = 0000024E95365368, queue count = 0
[LOG] AsyncThread::threadFunc                  : Starting Asynchronous operation on sound 0000024E9C9E54C8
[LOG] SystemI::createSoundInternal             :     Create name='Assets/SFXIgnominy/Build/Desktop/Master.bank', mode=0x02010082
[LOG] SystemI::createSoundInternal             :     exinfo->cbsize             = 224
[LOG] SystemI::createSoundInternal             :     exinfo->length             = 258720
[LOG] SystemI::createSoundInternal             :     exinfo->fileoffset         = 3296
[LOG] SystemI::createSoundInternal             :     exinfo->numsubsounds       = 1
[LOG] SystemI::createSoundInternal             :     exinfo->inclusionlist      = 0000024D060330B0
[LOG] SystemI::createSoundInternal             :     exinfo->inclusionlistnum   = 1
[LOG] SystemI::createSoundInternal             :     exinfo->suggestedsoundtype = 5
[LOG] SystemI::createSoundInternal             :     exinfo->initialseekposition = 19222
[LOG] SystemI::createSoundInternal             :     exinfo->initialseekpostype = 1
[LOG] SystemI::createSoundInternal             :     Stream 0/1: name='falling-whistle-cartoon-180579', format=5, channels=2, frequency=48000, lengthbytes=245120, lengthpcm=1112189, pcmblocksize=0, loopstart=0, loopend=0, mode=0x00000000, channelmask=0x00000000, channelorder=0, peakvolume=0.699707.
[LOG] AsyncThread::threadFunc                  : Finished Asynchronous operation on sound 0000024E9C9E54C8
[LOG] SoundI::release                          : falling-whistle-cartoon-180579 (0000024E9BC20AA8)
[LOG] SoundI::release                          :     falling-whistle-cartoon-180579 (0000024E9B768D88)
[LOG] SoundI::release                          :     falling-whistle-cartoon-180579 (0000024E9688DC68)
[WRN] SoundSourceInstrumentInstance::startChannelIfReady : Loading delay exceeded, sound may play at incorrect time
[LOG] SystemI::createSound                     : filename = Assets/SFXIgnominy/Build/Desktop/Master.bank : mode 02010082
[LOG] SystemI::createSound                     : FMOD_NONBLOCKING specified.  Putting into queue to be opened asynchronously!
[LOG] AsyncThread::add                         : add sound to async queue : soundi = 0000024E9688E178, queue head = 0000024E95365368, queue count = 0
[LOG] AsyncThread::threadFunc                  : Starting Asynchronous operation on sound 0000024E9688E178
[LOG] SystemI::createSoundInternal             :     Create name='Assets/SFXIgnominy/Build/Desktop/Master.bank', mode=0x02010082
[LOG] SystemI::createSoundInternal             :     exinfo->cbsize             = 224
[LOG] SystemI::createSoundInternal             :     exinfo->length             = 258720
[LOG] SystemI::createSoundInternal             :     exinfo->fileoffset         = 3296
[LOG] SystemI::createSoundInternal             :     exinfo->numsubsounds       = 1
[LOG] SystemI::createSoundInternal             :     exinfo->inclusionlist      = 0000024D060331F0
[LOG] SystemI::createSoundInternal             :     exinfo->inclusionlistnum   = 1
[LOG] SystemI::createSoundInternal             :     exinfo->suggestedsoundtype = 5
[LOG] SystemI::createSoundInternal             :     exinfo->initialseekposition = 19222
[LOG] SystemI::createSoundInternal             :     exinfo->initialseekpostype = 1
[LOG] SystemI::createSoundInternal             :     Stream 0/1: name='falling-whistle-cartoon-180579', format=5, channels=2, frequency=48000, lengthbytes=245120, lengthpcm=1112189, pcmblocksize=0, loopstart=0, loopend=0, mode=0x00000000, channelmask=0x00000000, channelorder=0, peakvolume=0.699707.
[LOG] AsyncThread::threadFunc                  : Finished Asynchronous operation on sound 0000024E9688E178
[LOG] SoundI::release                          : falling-whistle-cartoon-180579 (0000024E9688E328)
[LOG] SoundI::release                          :     falling-whistle-cartoon-180579 (0000024FA2FE5628)
[LOG] SoundI::release                          :     falling-whistle-cartoon-180579 (0000024EDDF22EC8)
[LOG] SystemI::createSound                     : filename = Assets/SFXIgnominy/Build/Desktop/Master.bank : mode 02010082
[LOG] SystemI::createSound                     : FMOD_NONBLOCKING specified.  Putting into queue to be opened asynchronously!
[LOG] AsyncThread::add                         : add sound to async queue : soundi = 0000024E9688E328, queue head = 0000024E95365368, queue count = 0
[LOG] AsyncThread::threadFunc                  : Starting Asynchronous operation on sound 0000024E9688E328
[LOG] SystemI::createSoundInternal             :     Create name='Assets/SFXIgnominy/Build/Desktop/Master.bank', mode=0x02010082
[LOG] SystemI::createSoundInternal             :     exinfo->cbsize             = 224
[LOG] SystemI::createSoundInternal             :     exinfo->length             = 258720
[LOG] SystemI::createSoundInternal             :     exinfo->fileoffset         = 3296
[LOG] SystemI::createSoundInternal             :     exinfo->numsubsounds       = 1
[LOG] SystemI::createSoundInternal             :     exinfo->inclusionlist      = 0000024D06033AB0
[LOG] SystemI::createSoundInternal             :     exinfo->inclusionlistnum   = 1
[LOG] SystemI::createSoundInternal             :     exinfo->suggestedsoundtype = 5
[LOG] SystemI::createSoundInternal             :     exinfo->initialseekposition = 19222
[LOG] SystemI::createSoundInternal             :     exinfo->initialseekpostype = 1
[LOG] SystemI::createSoundInternal             :     Stream 0/1: name='falling-whistle-cartoon-180579', format=5, channels=2, frequency=48000, lengthbytes=245120, lengthpcm=1112189, pcmblocksize=0, loopstart=0, loopend=0, mode=0x00000000, channelmask=0x00000000, channelorder=0, peakvolume=0.699707.
[LOG] AsyncThread::threadFunc                  : Finished Asynchronous operation on sound 0000024E9688E328
[LOG] SoundI::release                          : falling-whistle-cartoon-180579 (0000024E9C9E5EE8)
[LOG] SoundI::release                          :     falling-whistle-cartoon-180579 (0000024FA2FE4FA8)
[LOG] SoundI::release                          :     falling-whistle-cartoon-180579 (0000024EDDF23078)
[LOG] SystemI::createSound                     : filename = Assets/SFXIgnominy/Build/Desktop/Master.bank : mode 02010082
[LOG] SystemI::createSound                     : FMOD_NONBLOCKING specified.  Putting into queue to be opened asynchronously!
[LOG] AsyncThread::add                         : add sound to async queue : soundi = 0000024E9688DE18, queue head = 0000024E95365368, queue count = 0
[LOG] AsyncThread::threadFunc                  : Starting Asynchronous operation on sound 0000024E9688DE18
[LOG] SystemI::createSoundInternal             :     Create name='Assets/SFXIgnominy/Build/Desktop/Master.bank', mode=0x02010082
[LOG] SystemI::createSoundInternal             :     exinfo->cbsize             = 224
[LOG] SystemI::createSoundInternal             :     exinfo->length             = 258720
[LOG] SystemI::createSoundInternal             :     exinfo->fileoffset         = 3296
[LOG] SystemI::createSoundInternal             :     exinfo->numsubsounds       = 1
[LOG] SystemI::createSoundInternal             :     exinfo->inclusionlist      = 0000024D06033330
[LOG] SystemI::createSoundInternal             :     exinfo->inclusionlistnum   = 1
[LOG] SystemI::createSoundInternal             :     exinfo->suggestedsoundtype = 5
[LOG] SystemI::createSoundInternal             :     exinfo->initialseekposition = 19222
[LOG] SystemI::createSoundInternal             :     exinfo->initialseekpostype = 1
[LOG] SystemI::createSoundInternal             :     Stream 0/1: name='falling-whistle-cartoon-180579', format=5, channels=2, frequency=48000, lengthbytes=245120, lengthpcm=1112189, pcmblocksize=0, loopstart=0, loopend=0, mode=0x00000000, channelmask=0x00000000, channelorder=0, peakvolume=0.699707.
[LOG] AsyncThread::threadFunc                  : Finished Asynchronous operation on sound 0000024E9688DE18
[LOG] SoundI::release                          : falling-whistle-cartoon-180579 (0000024E9C9E5678)
[LOG] SoundI::release                          :     falling-whistle-cartoon-180579 (0000024FA2FE7508)
[LOG] SoundI::release                          :     falling-whistle-cartoon-180579 (0000024EA92B3A68)
[LOG] SoundI::release                          : falling-whistle-cartoon-180579 (0000024E9C9E5D38)
[LOG] SoundI::release                          :     falling-whistle-cartoon-180579 (0000024FA2FE57C8)
[LOG] SoundI::release                          :     falling-whistle-cartoon-180579 (0000024EA92B3708)
[LOG] SoundI::release                          : falling-whistle-cartoon-180579 (0000024E9C9E54C8)
[LOG] SoundI::release                          :     falling-whistle-cartoon-180579 (0000024EA0205078)
[LOG] SoundI::release                          :     falling-whistle-cartoon-180579 (0000024FB5087F18)
[LOG] SoundI::release                          : falling-whistle-cartoon-180579 (0000024E9688E178)
[LOG] SoundI::release                          :     falling-whistle-cartoon-180579 (0000024EA0205898)
[LOG] SoundI::release                          :     falling-whistle-cartoon-180579 (0000024FB5088428)
[LOG] SoundI::release                          : falling-whistle-cartoon-180579 (0000024E9688E328)
[LOG] SoundI::release                          :     falling-whistle-cartoon-180579 (0000024EA0205D78)
[LOG] SoundI::release                          :     falling-whistle-cartoon-180579 (0000024FB5088938)
[LOG] SoundI::release                          : falling-whistle-cartoon-180579 (0000024E9688DE18)
[LOG] SoundI::release                          :     falling-whistle-cartoon-180579 (0000024EA02056F8)
[LOG] SoundI::release                          :     falling-whistle-cartoon-180579 (0000024FB5087BB8)
[LOG] SystemI::createSound                     : filename = Assets/SFXIgnominy/Build/Desktop/Master.bank : mode 02010082
[LOG] SystemI::createSound                     : FMOD_NONBLOCKING specified.  Putting into queue to be opened asynchronously!
[LOG] AsyncThread::add                         : add sound to async queue : soundi = 0000024FB5087BB8, queue head = 0000024E95365368, queue count = 0
[LOG] AsyncThread::threadFunc                  : Starting Asynchronous operation on sound 0000024FB5087BB8
[LOG] SystemI::createSoundInternal             :     Create name='Assets/SFXIgnominy/Build/Desktop/Master.bank', mode=0x02010082
[LOG] SystemI::createSoundInternal             :     exinfo->cbsize             = 224
[LOG] SystemI::createSoundInternal             :     exinfo->length             = 258720
[LOG] SystemI::createSoundInternal             :     exinfo->fileoffset         = 3296
[LOG] SystemI::createSoundInternal             :     exinfo->numsubsounds       = 1
[LOG] SystemI::createSoundInternal             :     exinfo->inclusionlist      = 0000024EA9590D10
[LOG] SystemI::createSoundInternal             :     exinfo->inclusionlistnum   = 1
[LOG] SystemI::createSoundInternal             :     exinfo->suggestedsoundtype = 5
[LOG] SystemI::createSoundInternal             :     exinfo->initialseekposition = 19222
[LOG] SystemI::createSoundInternal             :     exinfo->initialseekpostype = 1
[LOG] SystemI::createSoundInternal             :     Stream 0/1: name='falling-whistle-cartoon-180579', format=5, channels=2, frequency=48000, lengthbytes=245120, lengthpcm=1112189, pcmblocksize=0, loopstart=0, loopend=0, mode=0x00000000, channelmask=0x00000000, channelorder=0, peakvolume=0.699707.
[LOG] AsyncThread::threadFunc                  : Finished Asynchronous operation on sound 0000024FB5087BB8
[LOG] SoundI::release                          : falling-whistle-cartoon-180579 (0000024FB5087BB8)
[LOG] SoundI::release                          :     falling-whistle-cartoon-180579 (0000024FA2FE6328)
[LOG] SoundI::release                          :     falling-whistle-cartoon-180579 (0000024EDDF23078)
[LOG] SystemI::createSound                     : filename = Assets/SFXIgnominy/Build/Desktop/Master.bank : mode 02010082
[LOG] SystemI::createSound                     : FMOD_NONBLOCKING specified.  Putting into queue to be opened asynchronously!
[LOG] AsyncThread::add                         : add sound to async queue : soundi = 0000024FB5088278, queue head = 0000024E95365368, queue count = 0
[LOG] AsyncThread::threadFunc                  : Starting Asynchronous operation on sound 0000024FB5088278
[LOG] SystemI::createSoundInternal             :     Create name='Assets/SFXIgnominy/Build/Desktop/Master.bank', mode=0x02010082
[LOG] SystemI::createSoundInternal             :     exinfo->cbsize             = 224
[LOG] SystemI::createSoundInternal             :     exinfo->length             = 258720
[LOG] SystemI::createSoundInternal             :     exinfo->fileoffset         = 3296
[LOG] SystemI::createSoundInternal             :     exinfo->numsubsounds       = 1
[LOG] SystemI::createSoundInternal             :     exinfo->inclusionlist      = 0000024EA95910D0
[LOG] SystemI::createSoundInternal             :     exinfo->inclusionlistnum   = 1
[LOG] SystemI::createSoundInternal             :     exinfo->suggestedsoundtype = 5
[LOG] SystemI::createSoundInternal             :     exinfo->initialseekposition = 19222
[LOG] SystemI::createSoundInternal             :     exinfo->initialseekpostype = 1
[LOG] SystemI::createSoundInternal             :     Stream 0/1: name='falling-whistle-cartoon-180579', format=5, channels=2, frequency=48000, lengthbytes=245120, lengthpcm=1112189, pcmblocksize=0, loopstart=0, loopend=0, mode=0x00000000, channelmask=0x00000000, channelorder=0, peakvolume=0.699707.
[LOG] AsyncThread::threadFunc                  : Finished Asynchronous operation on sound 0000024FB5088278
[LOG] SoundI::release                          : falling-whistle-cartoon-180579 (0000024FB5088278)
[LOG] SoundI::release                          :     falling-whistle-cartoon-180579 (0000024FA2FE79E8)
[LOG] SoundI::release                          :     falling-whistle-cartoon-180579 (0000024EDDF22EC8)
[LOG] SystemI::createSound                     : filename = Assets/SFXIgnominy/Build/Desktop/Master.bank : mode 02010082
[LOG] SystemI::createSound                     : FMOD_NONBLOCKING specified.  Putting into queue to be opened asynchronously!
[LOG] AsyncThread::add                         : add sound to async queue : soundi = 0000024EA03F61A8, queue head = 0000024E95365368, queue count = 0
[LOG] AsyncThread::threadFunc                  : Starting Asynchronous operation on sound 0000024EA03F61A8
[LOG] SystemI::createSoundInternal             :     Create name='Assets/SFXIgnominy/Build/Desktop/Master.bank', mode=0x02010082
[LOG] SystemI::createSoundInternal             :     exinfo->cbsize             = 224
[LOG] SystemI::createSoundInternal             :     exinfo->length             = 258720
[LOG] SystemI::createSoundInternal             :     exinfo->fileoffset         = 3296
[LOG] SystemI::createSoundInternal             :     exinfo->numsubsounds       = 1
[LOG] SystemI::createSoundInternal             :     exinfo->inclusionlist      = 0000024FA3049A50
[LOG] SystemI::createSoundInternal             :     exinfo->inclusionlistnum   = 1
[LOG] SystemI::createSoundInternal             :     exinfo->suggestedsoundtype = 5
[LOG] SystemI::createSoundInternal             :     exinfo->initialseekposition = 19222
[LOG] SystemI::createSoundInternal             :     exinfo->initialseekpostype = 1
[LOG] SystemI::createSoundInternal             :     Stream 0/1: name='falling-whistle-cartoon-180579', format=5, channels=2, frequency=48000, lengthbytes=245120, lengthpcm=1112189, pcmblocksize=0, loopstart=0, loopend=0, mode=0x00000000, channelmask=0x00000000, channelorder=0, peakvolume=0.699707.
[LOG] AsyncThread::threadFunc                  : Finished Asynchronous operation on sound 0000024EA03F61A8
[LOG] SoundI::release                          : falling-whistle-cartoon-180579 (0000024EA03F61A8)
[LOG] SoundI::release                          :     falling-whistle-cartoon-180579 (0000024FA2624DB8)
[LOG] SoundI::release                          :     falling-whistle-cartoon-180579 (0000024FAD1EF738)
[LOG] SystemI::createSound                     : filename = Assets/SFXIgnominy/Build/Desktop/Master.bank : mode 02010082
[LOG] SystemI::createSound                     : FMOD_NONBLOCKING specified.  Putting into queue to be opened asynchronously!
[LOG] AsyncThread::add                         : add sound to async queue : soundi = 0000024EA03F61A8, queue head = 0000024E95365368, queue count = 0
[LOG] AsyncThread::threadFunc                  : Starting Asynchronous operation on sound 0000024EA03F61A8
[LOG] SystemI::createSoundInternal             :     Create name='Assets/SFXIgnominy/Build/Desktop/Master.bank', mode=0x02010082
[LOG] SystemI::createSoundInternal             :     exinfo->cbsize             = 224
[LOG] SystemI::createSoundInternal             :     exinfo->length             = 258720
[LOG] SystemI::createSoundInternal             :     exinfo->fileoffset         = 3296
[LOG] SystemI::createSoundInternal             :     exinfo->numsubsounds       = 1
[LOG] SystemI::createSoundInternal             :     exinfo->inclusionlist      = 0000024FA3049690
[LOG] SystemI::createSoundInternal             :     exinfo->inclusionlistnum   = 1
[LOG] SystemI::createSoundInternal             :     exinfo->suggestedsoundtype = 5
[LOG] SystemI::createSoundInternal             :     exinfo->initialseekposition = 19222
[LOG] SystemI::createSoundInternal             :     exinfo->initialseekpostype = 1
[LOG] SystemI::createSoundInternal             :     Stream 0/1: name='falling-whistle-cartoon-180579', format=5, channels=2, frequency=48000, lengthbytes=245120, lengthpcm=1112189, pcmblocksize=0, loopstart=0, loopend=0, mode=0x00000000, channelmask=0x00000000, channelorder=0, peakvolume=0.699707.
[LOG] AsyncThread::threadFunc                  : Finished Asynchronous operation on sound 0000024EA03F61A8
[LOG] SoundI::release                          : falling-whistle-cartoon-180579 (0000024EA03F61A8)
[LOG] SoundI::release                          :     falling-whistle-cartoon-180579 (0000024FA26243F8)
[LOG] SoundI::release                          :     falling-whistle-cartoon-180579 (0000024FAD1EF228)
[LOG] SystemI::createSound                     : filename = Assets/SFXIgnominy/Build/Desktop/Master.bank : mode 02010082
[LOG] SystemI::createSound                     : FMOD_NONBLOCKING specified.  Putting into queue to be opened asynchronously!
[LOG] AsyncThread::add                         : add sound to async queue : soundi = 0000024FAD1EF228, queue head = 0000024E95365368, queue count = 0
[LOG] AsyncThread::threadFunc                  : Starting Asynchronous operation on sound 0000024FAD1EF228
[LOG] SystemI::createSoundInternal             :     Create name='Assets/SFXIgnominy/Build/Desktop/Master.bank', mode=0x02010082
[LOG] SystemI::createSoundInternal             :     exinfo->cbsize             = 224
[LOG] SystemI::createSoundInternal             :     exinfo->length             = 258720
[LOG] SystemI::createSoundInternal             :     exinfo->fileoffset         = 3296
[LOG] SystemI::createSoundInternal             :     exinfo->numsubsounds       = 1
[LOG] SystemI::createSoundInternal             :     exinfo->inclusionlist      = 0000024CE5CC9E10
[LOG] SystemI::createSoundInternal             :     exinfo->inclusionlistnum   = 1
[LOG] SystemI::createSoundInternal             :     exinfo->suggestedsoundtype = 5
[LOG] SystemI::createSoundInternal             :     exinfo->initialseekposition = 19222
[LOG] SystemI::createSoundInternal             :     exinfo->initialseekpostype = 1
[LOG] SystemI::createSoundInternal             :     Stream 0/1: name='falling-whistle-cartoon-180579', format=5, channels=2, frequency=48000, lengthbytes=245120, lengthpcm=1112189, pcmblocksize=0, loopstart=0, loopend=0, mode=0x00000000, channelmask=0x00000000, channelorder=0, peakvolume=0.699707.
[LOG] AsyncThread::threadFunc                  : Finished Asynchronous operation on sound 0000024FAD1EF228
[LOG] SoundI::release                          : falling-whistle-cartoon-180579 (0000024FAD1EF228)
[LOG] SoundI::release                          :     falling-whistle-cartoon-180579 (0000024FA28017A8)
[LOG] SoundI::release                          :     falling-whistle-cartoon-180579 (0000024EDDFB9558)
[LOG] SystemI::createSoundInternal             : Create name='', mode=0x02000202
[LOG] SystemI::createSoundInternal             : exinfo->cbsize             = 224
[LOG] SystemI::createSoundInternal             : exinfo->length             = 121600
[LOG] SystemI::createSoundInternal             : exinfo->fileoffset         = 8224
[LOG] SystemI::createSoundInternal             : exinfo->numsubsounds       = 1
[LOG] SystemI::createSoundInternal             : exinfo->inclusionlist      = 00000098185FF2B8
[LOG] SystemI::createSoundInternal             : exinfo->inclusionlistnum   = 1
[LOG] SystemI::createSoundInternal             : exinfo->suggestedsoundtype = 5
[LOG] SystemI::createSoundInternal             : exinfo->useropen           = 00007FFE28CC3F70
[LOG] SystemI::createSoundInternal             : exinfo->userclose          = 00007FFE28CC3F30
[LOG] SystemI::createSoundInternal             : exinfo->userread           = 00007FFE28CC4050
[LOG] SystemI::createSoundInternal             : exinfo->userseek           = 00007FFE28CC4110
[LOG] SystemI::createSoundInternal             : exinfo->fileuserdata       = 0000024E9FCDB5D8
[LOG] SystemI::createSoundInternal             : exinfo->initialseekpostype = 1
[LOG] SystemI::DSPCodecPoolRegister            : register codec pool for pool type 5
[LOG] SystemI::createSoundInternal             : Sample 0/1: name='pixel-death-66829', format=5, channels=1, frequency=48000, lengthbytes=10048, lengthpcm=95294, pcmblocksize=0, loopstart=0, loopend=0, mode=0x00000000, channelmask=0x00000000, channelorder=0, peakvolume=0.211334.
[LOG] SystemI::createSoundInternal             : Create name='', mode=0x02000202
[LOG] SystemI::createSoundInternal             : exinfo->cbsize             = 224
[LOG] SystemI::createSoundInternal             : exinfo->length             = 121600
[LOG] SystemI::createSoundInternal             : exinfo->fileoffset         = 8224
[LOG] SystemI::createSoundInternal             : exinfo->numsubsounds       = 1
[LOG] SystemI::createSoundInternal             : exinfo->inclusionlist      = 00000098185FF2B8
[LOG] SystemI::createSoundInternal             : exinfo->inclusionlistnum   = 1
[LOG] SystemI::createSoundInternal             : exinfo->suggestedsoundtype = 5
[LOG] SystemI::createSoundInternal             : exinfo->useropen           = 00007FFE28CC3F70
[LOG] SystemI::createSoundInternal             : exinfo->userclose          = 00007FFE28CC3F30
[LOG] SystemI::createSoundInternal             : exinfo->userread           = 00007FFE28CC4050
[LOG] SystemI::createSoundInternal             : exinfo->userseek           = 00007FFE28CC4110
[LOG] SystemI::createSoundInternal             : exinfo->fileuserdata       = 0000024E9FCDB5D8
[LOG] SystemI::createSoundInternal             : exinfo->initialseekpostype = 1
[LOG] SystemI::DSPCodecPoolRegister            : register codec pool for pool type 5
[LOG] SystemI::createSoundInternal             : Sample 0/1: name='ding-idea-40142 - Trimmed', format=5, channels=2, frequency=48000, lengthbytes=18144, lengthpcm=142848, pcmblocksize=0, loopstart=0, loopend=0, mode=0x00000000, channelmask=0x00000000, channelorder=0, peakvolume=0.446991.
[LOG] SoundI::release                          : Music (0000024E265D7BB8)
[LOG] SoundI::release                          :     Music (0000024FA27FF3E8)
[LOG] SoundI::release                          :     Music (0000024E265D7D68)
[LOG] SoundI::release                          :  (0000024FB5204B58)
[LOG] SoundI::release                          :     ding-idea-40142 - Trimmed (0000024FA2802E68)
[LOG] SoundI::release                          :  (0000024FB5201908)
[LOG] SoundI::release                          :     pixel-death-66829 (0000024FA2803B68)
[LOG] SoundI::release                          :  (0000024EA688EE48)
[LOG] SoundI::release                          :     stone-steps-6748 - Trimmed (0000024E9D340528)
[LOG] Thread::callback                         : FMOD Studio update thread finished.
[LOG] Thread::callback                         : FMOD Studio bank load thread finished.
[LOG] Profile::disconnectAll                   : Profiler disconnecting all clients
[LOG] Thread::callback                         : FMOD Studio sample load thread finished.
[LOG] LiveUpdate::release                      : 
[LOG] LiveUpdate::reset                        : Reset connection (reason Disconnected)
[LOG] Thread::callback                         : FMOD stream thread finished.
[LOG] Thread::callback                         : FMOD mixer thread finished.
[LOG] Profile::disconnectAll                   : Profiler disconnecting all clients
[LOG] SystemI::close                           : Closed.
[LOG] Thread::callback                         : FMOD Studio bank load thread finished.
[LOG] Thread::callback                         : FMOD Studio sample load thread finished.
[LOG] LiveUpdate::release                      : 
[LOG] LiveUpdate::reset                        : Reset connection (reason Disconnected)
[LOG] Thread::callback                         : FMOD stream thread finished.
[LOG] Thread::callback                         : FMOD mixer thread finished.
[LOG] SystemI::close                           : Closed.
[LOG] Thread::callback                         : FMOD nonblocking thread (0) finished.
[LOG] Thread::callback                         : FMOD file thread finished.
